<?xml version="1.0" encoding="UTF-8"?>
<testsuite xmlns:xsi="http://www.w3.org/2001/XMLSchema-instance" xsi:noNamespaceSchemaLocation="https://maven.apache.org/surefire/maven-surefire-plugin/xsd/surefire-test-report-3.0.xsd" version="3.0" name="com.everycampus.demo.EverycampusApplicationTests" time="5.552" tests="1" errors="0" skipped="0" failures="0">
  <properties>
[...]
</properties>
  <testcase name="contextLoads" classname="com.everycampus.demo.EverycampusApplicationTests" time="0.502">
    <system-out><![CDATA[21:55:00.420 [main] INFO org.springframework.test.context.support.AnnotationConfigContextLoaderUtils -- Could not detect default configuration classes for test class [com.everycampus.demo.EverycampusApplicationTests]: EverycampusApplicationTests does not declare any static, non-private, non-final, nested classes annotated with @Configuration.
21:55:00.537 [main] INFO org.springframework.boot.test.context.SpringBootTestContextBootstrapper -- Found @SpringBootConfiguration com.everycampus.demo.EverycampusApplication for test class com.everycampus.demo.EverycampusApplicationTests
21:55:00.718 [main] INFO org.springframework.boot.devtools.restart.RestartApplicationListener -- Restart disabled due to context in which it is running

  .   ____          _            __ _ _
 /\\ / ___'_ __ _ _(_)_ __  __ _ \ \ \ \
( ( )\___ | '_ | '_| | '_ \/ _` | \ \ \ \
 \\/  ___)| |_)| | | | | || (_| |  ) ) ) )
  '  |____| .__|_| |_|_| |_\__, | / / / /
 =========|_|==============|___/=/_/_/_/

 :: Spring Boot ::                (v3.4.5)

2025-05-19T21:55:01.003+09:00  INFO 13008 --- [everycampus] [           main] c.e.demo.EverycampusApplicationTests     : Starting EverycampusApplicationTests using Java 17.0.15 with PID 13008 (started by lee72 in C:\Users\lee72\Desktop\EveryCampus\everycampus)
2025-05-19T21:55:01.004+09:00  INFO 13008 --- [everycampus] [           main] c.e.demo.EverycampusApplicationTests     : No active profile set, falling back to 1 default profile: "default"
2025-05-19T21:55:01.506+09:00  INFO 13008 --- [everycampus] [           main] .s.d.r.c.RepositoryConfigurationDelegate : Bootstrapping Spring Data JPA repositories in DEFAULT mode.
2025-05-19T21:55:01.549+09:00  INFO 13008 --- [everycampus] [           main] .s.d.r.c.RepositoryConfigurationDelegate : Finished Spring Data repository scanning in 33 ms. Found 1 JPA repository interface.
2025-05-19T21:55:02.205+09:00  INFO 13008 --- [everycampus] [           main] o.hibernate.jpa.internal.util.LogHelper  : HHH000204: Processing PersistenceUnitInfo [name: default]
2025-05-19T21:55:02.270+09:00  INFO 13008 --- [everycampus] [           main] org.hibernate.Version                    : HHH000412: Hibernate ORM core version 6.6.13.Final
2025-05-19T21:55:02.304+09:00  INFO 13008 --- [everycampus] [           main] o.h.c.internal.RegionFactoryInitiator    : HHH000026: Second-level cache disabled
2025-05-19T21:55:02.665+09:00  INFO 13008 --- [everycampus] [           main] o.s.o.j.p.SpringPersistenceUnitInfo      : No LoadTimeWeaver setup: ignoring JPA class transformer
2025-05-19T21:55:02.705+09:00  INFO 13008 --- [everycampus] [           main] com.zaxxer.hikari.HikariDataSource       : HikariPool-1 - Starting...
2025-05-19T21:55:03.093+09:00  INFO 13008 --- [everycampus] [           main] com.zaxxer.hikari.pool.HikariPool        : HikariPool-1 - Added connection oracle.jdbc.driver.T4CConnection@45e11627
2025-05-19T21:55:03.095+09:00  INFO 13008 --- [everycampus] [           main] com.zaxxer.hikari.HikariDataSource       : HikariPool-1 - Start completed.
2025-05-19T21:55:03.404+09:00  INFO 13008 --- [everycampus] [           main] org.hibernate.orm.connections.pooling    : HHH10001005: Database info:
	Database JDBC URL [Connecting through datasource 'HikariDataSource (HikariPool-1)']
	Database driver: undefined/unknown
	Database version: 21.3
	Autocommit mode: undefined/unknown
	Isolation level: undefined/unknown
	Minimum pool size: undefined/unknown
	Maximum pool size: undefined/unknown
2025-05-19T21:55:04.233+09:00  INFO 13008 --- [everycampus] [           main] o.h.e.t.j.p.i.JtaPlatformInitiator       : HHH000489: No JTA platform available (set 'hibernate.transaction.jta.platform' to enable JTA platform integration)
2025-05-19T21:55:04.483+09:00  INFO 13008 --- [everycampus] [           main] j.LocalContainerEntityManagerFactoryBean : Initialized JPA EntityManagerFactory for persistence unit 'default'
2025-05-19T21:55:04.905+09:00  WARN 13008 --- [everycampus] [           main] JpaBaseConfiguration$JpaWebConfiguration : spring.jpa.open-in-view is enabled by default. Therefore, database queries may be performed during view rendering. Explicitly configure spring.jpa.open-in-view to disable this warning
2025-05-19T21:55:05.189+09:00  WARN 13008 --- [everycampus] [           main] ion$DefaultTemplateResolverConfiguration : Cannot find template location: classpath:/templates/ (please add some templates, check your Thymeleaf configuration, or set spring.thymeleaf.check-template-location=false)
2025-05-19T21:55:05.294+09:00  INFO 13008 --- [everycampus] [           main] c.e.demo.EverycampusApplicationTests     : Started EverycampusApplicationTests in 4.592 seconds (process running for 5.532)
]]></system-out>
  </testcase>
</testsuite>